<?xml version="1.0" encoding="UTF-8"?>
<!-- Generated by org.testng.reporters.JUnitXMLReporter -->
<testsuite ignored="0" hostname="Nahid" failures="5" tests="22" name="Test" time="663.164" errors="0" timestamp="2020-12-22T13:49:38 BDT">
  <testcase classname="com.cslsoft.KandareeLiteTestCase.LogInWithOTP" name="RecievedAndEnterCorrectOTP" time="16.626"/>
  <testcase classname="com.cslsoft.KandareeLiteTestCase.LogInWithOTP" name="CorrectEmailIncorrertCode" time="52.244"/>
  <testcase classname="com.cslsoft.KandareeLiteTestCase.LogInWithOTP" name="IncorrertEmailCorrertCode" time="44.319"/>
  <testcase classname="com.cslsoft.KandareeLiteTestCase.LogInWithOTP" name="IncorrectEmailIncorrertCode" time="51.836"/>
  <testcase classname="com.cslsoft.KandareeLiteTestCase.LogInWithOTP" name="BlankEmailCorrectCode" time="36.015"/>
  <testcase classname="com.cslsoft.KandareeLiteTestCase.LogInWithOTP" name="CorrectEmailBlankCode" time="34.586"/>
  <testcase classname="com.cslsoft.KandareeLiteTestCase.LogInWithOTP" name="BlankEmailBlankCode" time="26.31"/>
  <testcase classname="com.cslsoft.KandareeLiteTestCase.LogInWithOTP" name="ResendOTP" time="87.752"/>
  <testcase classname="com.cslsoft.KandareeLiteTestCase.LogInWithOTP" name="ExpiredOTP" time="97.383"/>
  <testcase classname="com.cslsoft.KandareeLiteTestCase.LogInWithOTP" name="InvalidOTP" time="44.007"/>
  <testcase classname="com.cslsoft.KandareeLiteTestCase.ProfileManagement" name="navigation" time="9.888"/>
  <testcase classname="com.cslsoft.KandareeLiteTestCase.ProfileManagement" name="updateProfilePicture" time="13.357"/>
  <testcase classname="com.cslsoft.KandareeLiteTestCase.ProfileManagement" name="UpdateProfileInfo" time="29.12"/>
  <testcase classname="com.cslsoft.KandareeLiteTestCase.Users" name="Nevigate" time="1.948">
    <failure type="org.openqa.selenium.WebDriverException" message="An unknown server-side error occurred while processing the command. Original error: Could not proxy command to the remote server. Original error: socket hang up
Build info: version: &amp;apos;3.141.59&amp;apos;, revision: &amp;apos;e82be7d358&amp;apos;, time: &amp;apos;2018-11-14T08:17:03&amp;apos;
System info: host: &amp;apos;NAHID&amp;apos;, ip: &amp;apos;192.168.137.1&amp;apos;, os.name: &amp;apos;Windows 10&amp;apos;, os.arch: &amp;apos;amd64&amp;apos;, os.version: &amp;apos;10.0&amp;apos;, java.version: &amp;apos;15.0.1&amp;apos;
Driver info: io.appium.java_client.android.AndroidDriver
Capabilities {app: D:\Automation Project\Resou..., appPackage: bd.com.cslsoft.kandareeliteapp, databaseEnabled: false, desired: {app: D:\Automation Project\Resou..., deviceName: 4200bd12d846a200, newCommandTimeout: 100, platformName: android}, deviceApiLevel: 22, deviceManufacturer: samsung, deviceModel: SM-G531H, deviceName: 4200bd12d846a200, deviceScreenDensity: 240, deviceScreenSize: 540x960, deviceUDID: 4200bd12d846a200, javascriptEnabled: true, locationContextEnabled: false, networkConnectionEnabled: true, newCommandTimeout: 100, pixelRatio: 1.5, platform: LINUX, platformName: Android, platformVersion: 5.1.1, statBarHeight: 36, takesScreenshot: true, viewportRect: {height: 924, left: 0, top: 36, width: 540}, warnings: {}, webStorageEnabled: false}
Session ID: a32b4f14-03ac-450d-b483-cd02130b0397
*** Element info: {Using=id, value=bd.com.cslsoft.kandareeliteapp:id/et_login_email_address}">
      <![CDATA[org.openqa.selenium.WebDriverException: An unknown server-side error occurred while processing the command. Original error: Could not proxy command to the remote server. Original error: socket hang up
Build info: version: '3.141.59', revision: 'e82be7d358', time: '2018-11-14T08:17:03'
System info: host: 'NAHID', ip: '192.168.137.1', os.name: 'Windows 10', os.arch: 'amd64', os.version: '10.0', java.version: '15.0.1'
Driver info: io.appium.java_client.android.AndroidDriver
Capabilities {app: D:\Automation Project\Resou..., appPackage: bd.com.cslsoft.kandareeliteapp, databaseEnabled: false, desired: {app: D:\Automation Project\Resou..., deviceName: 4200bd12d846a200, newCommandTimeout: 100, platformName: android}, deviceApiLevel: 22, deviceManufacturer: samsung, deviceModel: SM-G531H, deviceName: 4200bd12d846a200, deviceScreenDensity: 240, deviceScreenSize: 540x960, deviceUDID: 4200bd12d846a200, javascriptEnabled: true, locationContextEnabled: false, networkConnectionEnabled: true, newCommandTimeout: 100, pixelRatio: 1.5, platform: LINUX, platformName: Android, platformVersion: 5.1.1, statBarHeight: 36, takesScreenshot: true, viewportRect: {height: 924, left: 0, top: 36, width: 540}, warnings: {}, webStorageEnabled: false}
Session ID: a32b4f14-03ac-450d-b483-cd02130b0397
*** Element info: {Using=id, value=bd.com.cslsoft.kandareeliteapp:id/et_login_email_address}
at org.openqa.selenium.remote.http.W3CHttpResponseCodec.createException(W3CHttpResponseCodec.java:187)
at org.openqa.selenium.remote.http.W3CHttpResponseCodec.decode(W3CHttpResponseCodec.java:122)
at org.openqa.selenium.remote.http.W3CHttpResponseCodec.decode(W3CHttpResponseCodec.java:49)
at org.openqa.selenium.remote.HttpCommandExecutor.execute(HttpCommandExecutor.java:158)
at io.appium.java_client.remote.AppiumCommandExecutor.execute(AppiumCommandExecutor.java:239)
at org.openqa.selenium.remote.RemoteWebDriver.execute(RemoteWebDriver.java:552)
at io.appium.java_client.DefaultGenericMobileDriver.execute(DefaultGenericMobileDriver.java:41)
at io.appium.java_client.AppiumDriver.execute(AppiumDriver.java:1)
at io.appium.java_client.android.AndroidDriver.execute(AndroidDriver.java:1)
at org.openqa.selenium.remote.RemoteWebDriver.findElement(RemoteWebDriver.java:323)
at io.appium.java_client.DefaultGenericMobileDriver.findElement(DefaultGenericMobileDriver.java:61)
at io.appium.java_client.AppiumDriver.findElement(AppiumDriver.java:1)
at io.appium.java_client.android.AndroidDriver.findElement(AndroidDriver.java:1)
at org.openqa.selenium.remote.RemoteWebDriver.findElementById(RemoteWebDriver.java:372)
at io.appium.java_client.DefaultGenericMobileDriver.findElementById(DefaultGenericMobileDriver.java:69)
at io.appium.java_client.AppiumDriver.findElementById(AppiumDriver.java:1)
at io.appium.java_client.android.AndroidDriver.findElementById(AndroidDriver.java:1)
at com.cslsoft.KandareeLiteTestCase.CallingMethods.LoginMethods(CallingMethods.java:61)
at com.cslsoft.KandareeLiteTestCase.Users.Nevigate(Users.java:25)
at java.base/java.util.ArrayList.forEach(ArrayList.java:1511)
... Removed 32 stack frames]]>
    </failure>
  </testcase> <!-- Nevigate -->
  <testcase classname="com.cslsoft.KandareeLiteTestCase.Users" name="CreateUser" time="0.029">
    <failure type="org.openqa.selenium.WebDriverException" message="An unknown server-side error occurred while processing the command. Original error: Could not proxy command to the remote server. Original error: socket hang up
Build info: version: &amp;apos;3.141.59&amp;apos;, revision: &amp;apos;e82be7d358&amp;apos;, time: &amp;apos;2018-11-14T08:17:03&amp;apos;
System info: host: &amp;apos;NAHID&amp;apos;, ip: &amp;apos;192.168.137.1&amp;apos;, os.name: &amp;apos;Windows 10&amp;apos;, os.arch: &amp;apos;amd64&amp;apos;, os.version: &amp;apos;10.0&amp;apos;, java.version: &amp;apos;15.0.1&amp;apos;
Driver info: io.appium.java_client.android.AndroidDriver
Capabilities {app: D:\Automation Project\Resou..., appPackage: bd.com.cslsoft.kandareeliteapp, databaseEnabled: false, desired: {app: D:\Automation Project\Resou..., deviceName: 4200bd12d846a200, newCommandTimeout: 100, platformName: android}, deviceApiLevel: 22, deviceManufacturer: samsung, deviceModel: SM-G531H, deviceName: 4200bd12d846a200, deviceScreenDensity: 240, deviceScreenSize: 540x960, deviceUDID: 4200bd12d846a200, javascriptEnabled: true, locationContextEnabled: false, networkConnectionEnabled: true, newCommandTimeout: 100, pixelRatio: 1.5, platform: LINUX, platformName: Android, platformVersion: 5.1.1, statBarHeight: 36, takesScreenshot: true, viewportRect: {height: 924, left: 0, top: 36, width: 540}, warnings: {}, webStorageEnabled: false}
Session ID: a32b4f14-03ac-450d-b483-cd02130b0397">
      <![CDATA[org.openqa.selenium.WebDriverException: An unknown server-side error occurred while processing the command. Original error: Could not proxy command to the remote server. Original error: socket hang up
Build info: version: '3.141.59', revision: 'e82be7d358', time: '2018-11-14T08:17:03'
System info: host: 'NAHID', ip: '192.168.137.1', os.name: 'Windows 10', os.arch: 'amd64', os.version: '10.0', java.version: '15.0.1'
Driver info: io.appium.java_client.android.AndroidDriver
Capabilities {app: D:\Automation Project\Resou..., appPackage: bd.com.cslsoft.kandareeliteapp, databaseEnabled: false, desired: {app: D:\Automation Project\Resou..., deviceName: 4200bd12d846a200, newCommandTimeout: 100, platformName: android}, deviceApiLevel: 22, deviceManufacturer: samsung, deviceModel: SM-G531H, deviceName: 4200bd12d846a200, deviceScreenDensity: 240, deviceScreenSize: 540x960, deviceUDID: 4200bd12d846a200, javascriptEnabled: true, locationContextEnabled: false, networkConnectionEnabled: true, newCommandTimeout: 100, pixelRatio: 1.5, platform: LINUX, platformName: Android, platformVersion: 5.1.1, statBarHeight: 36, takesScreenshot: true, viewportRect: {height: 924, left: 0, top: 36, width: 540}, warnings: {}, webStorageEnabled: false}
Session ID: a32b4f14-03ac-450d-b483-cd02130b0397
at org.openqa.selenium.remote.http.W3CHttpResponseCodec.createException(W3CHttpResponseCodec.java:187)
at org.openqa.selenium.remote.http.W3CHttpResponseCodec.decode(W3CHttpResponseCodec.java:122)
at org.openqa.selenium.remote.http.W3CHttpResponseCodec.decode(W3CHttpResponseCodec.java:49)
at org.openqa.selenium.remote.HttpCommandExecutor.execute(HttpCommandExecutor.java:158)
at io.appium.java_client.remote.AppiumCommandExecutor.execute(AppiumCommandExecutor.java:239)
at org.openqa.selenium.remote.RemoteWebDriver.execute(RemoteWebDriver.java:552)
at io.appium.java_client.DefaultGenericMobileDriver.execute(DefaultGenericMobileDriver.java:45)
at io.appium.java_client.AppiumDriver.execute(AppiumDriver.java:1)
at io.appium.java_client.android.AndroidDriver.execute(AndroidDriver.java:1)
at org.openqa.selenium.remote.RemoteWebDriver.getScreenshotAs(RemoteWebDriver.java:295)
at com.cslsoft.KandareeLiteTestCase.CallingMethods.ScreenShots(CallingMethods.java:79)
at com.cslsoft.KandareeLiteTestCase.Users.CreateUser(Users.java:125)
at java.base/java.util.ArrayList.forEach(ArrayList.java:1511)
... Removed 32 stack frames]]>
    </failure>
  </testcase> <!-- CreateUser -->
  <testcase classname="com.cslsoft.KandareeLiteTestCase.Users" name="EditUser" time="0.034">
    <failure type="org.openqa.selenium.WebDriverException" message="An unknown server-side error occurred while processing the command. Original error: Could not proxy command to the remote server. Original error: socket hang up
Build info: version: &amp;apos;3.141.59&amp;apos;, revision: &amp;apos;e82be7d358&amp;apos;, time: &amp;apos;2018-11-14T08:17:03&amp;apos;
System info: host: &amp;apos;NAHID&amp;apos;, ip: &amp;apos;192.168.137.1&amp;apos;, os.name: &amp;apos;Windows 10&amp;apos;, os.arch: &amp;apos;amd64&amp;apos;, os.version: &amp;apos;10.0&amp;apos;, java.version: &amp;apos;15.0.1&amp;apos;
Driver info: io.appium.java_client.android.AndroidDriver
Capabilities {app: D:\Automation Project\Resou..., appPackage: bd.com.cslsoft.kandareeliteapp, databaseEnabled: false, desired: {app: D:\Automation Project\Resou..., deviceName: 4200bd12d846a200, newCommandTimeout: 100, platformName: android}, deviceApiLevel: 22, deviceManufacturer: samsung, deviceModel: SM-G531H, deviceName: 4200bd12d846a200, deviceScreenDensity: 240, deviceScreenSize: 540x960, deviceUDID: 4200bd12d846a200, javascriptEnabled: true, locationContextEnabled: false, networkConnectionEnabled: true, newCommandTimeout: 100, pixelRatio: 1.5, platform: LINUX, platformName: Android, platformVersion: 5.1.1, statBarHeight: 36, takesScreenshot: true, viewportRect: {height: 924, left: 0, top: 36, width: 540}, warnings: {}, webStorageEnabled: false}
Session ID: a32b4f14-03ac-450d-b483-cd02130b0397">
      <![CDATA[org.openqa.selenium.WebDriverException: An unknown server-side error occurred while processing the command. Original error: Could not proxy command to the remote server. Original error: socket hang up
Build info: version: '3.141.59', revision: 'e82be7d358', time: '2018-11-14T08:17:03'
System info: host: 'NAHID', ip: '192.168.137.1', os.name: 'Windows 10', os.arch: 'amd64', os.version: '10.0', java.version: '15.0.1'
Driver info: io.appium.java_client.android.AndroidDriver
Capabilities {app: D:\Automation Project\Resou..., appPackage: bd.com.cslsoft.kandareeliteapp, databaseEnabled: false, desired: {app: D:\Automation Project\Resou..., deviceName: 4200bd12d846a200, newCommandTimeout: 100, platformName: android}, deviceApiLevel: 22, deviceManufacturer: samsung, deviceModel: SM-G531H, deviceName: 4200bd12d846a200, deviceScreenDensity: 240, deviceScreenSize: 540x960, deviceUDID: 4200bd12d846a200, javascriptEnabled: true, locationContextEnabled: false, networkConnectionEnabled: true, newCommandTimeout: 100, pixelRatio: 1.5, platform: LINUX, platformName: Android, platformVersion: 5.1.1, statBarHeight: 36, takesScreenshot: true, viewportRect: {height: 924, left: 0, top: 36, width: 540}, warnings: {}, webStorageEnabled: false}
Session ID: a32b4f14-03ac-450d-b483-cd02130b0397
at org.openqa.selenium.remote.http.W3CHttpResponseCodec.createException(W3CHttpResponseCodec.java:187)
at org.openqa.selenium.remote.http.W3CHttpResponseCodec.decode(W3CHttpResponseCodec.java:122)
at org.openqa.selenium.remote.http.W3CHttpResponseCodec.decode(W3CHttpResponseCodec.java:49)
at org.openqa.selenium.remote.HttpCommandExecutor.execute(HttpCommandExecutor.java:158)
at io.appium.java_client.remote.AppiumCommandExecutor.execute(AppiumCommandExecutor.java:239)
at org.openqa.selenium.remote.RemoteWebDriver.execute(RemoteWebDriver.java:552)
at io.appium.java_client.DefaultGenericMobileDriver.execute(DefaultGenericMobileDriver.java:45)
at io.appium.java_client.AppiumDriver.execute(AppiumDriver.java:1)
at io.appium.java_client.android.AndroidDriver.execute(AndroidDriver.java:1)
at org.openqa.selenium.remote.RemoteWebDriver.getScreenshotAs(RemoteWebDriver.java:295)
at com.cslsoft.KandareeLiteTestCase.CallingMethods.ScreenShots(CallingMethods.java:79)
at com.cslsoft.KandareeLiteTestCase.Users.EditUser(Users.java:251)
at java.base/java.util.ArrayList.forEach(ArrayList.java:1511)
... Removed 32 stack frames]]>
    </failure>
  </testcase> <!-- EditUser -->
  <testcase classname="com.cslsoft.KandareeLiteTestCase.Users" name="DeleteUser" time="0.026">
    <failure type="org.openqa.selenium.WebDriverException" message="An unknown server-side error occurred while processing the command. Original error: Could not proxy command to the remote server. Original error: socket hang up
Build info: version: &amp;apos;3.141.59&amp;apos;, revision: &amp;apos;e82be7d358&amp;apos;, time: &amp;apos;2018-11-14T08:17:03&amp;apos;
System info: host: &amp;apos;NAHID&amp;apos;, ip: &amp;apos;192.168.137.1&amp;apos;, os.name: &amp;apos;Windows 10&amp;apos;, os.arch: &amp;apos;amd64&amp;apos;, os.version: &amp;apos;10.0&amp;apos;, java.version: &amp;apos;15.0.1&amp;apos;
Driver info: io.appium.java_client.android.AndroidDriver
Capabilities {app: D:\Automation Project\Resou..., appPackage: bd.com.cslsoft.kandareeliteapp, databaseEnabled: false, desired: {app: D:\Automation Project\Resou..., deviceName: 4200bd12d846a200, newCommandTimeout: 100, platformName: android}, deviceApiLevel: 22, deviceManufacturer: samsung, deviceModel: SM-G531H, deviceName: 4200bd12d846a200, deviceScreenDensity: 240, deviceScreenSize: 540x960, deviceUDID: 4200bd12d846a200, javascriptEnabled: true, locationContextEnabled: false, networkConnectionEnabled: true, newCommandTimeout: 100, pixelRatio: 1.5, platform: LINUX, platformName: Android, platformVersion: 5.1.1, statBarHeight: 36, takesScreenshot: true, viewportRect: {height: 924, left: 0, top: 36, width: 540}, warnings: {}, webStorageEnabled: false}
Session ID: a32b4f14-03ac-450d-b483-cd02130b0397">
      <![CDATA[org.openqa.selenium.WebDriverException: An unknown server-side error occurred while processing the command. Original error: Could not proxy command to the remote server. Original error: socket hang up
Build info: version: '3.141.59', revision: 'e82be7d358', time: '2018-11-14T08:17:03'
System info: host: 'NAHID', ip: '192.168.137.1', os.name: 'Windows 10', os.arch: 'amd64', os.version: '10.0', java.version: '15.0.1'
Driver info: io.appium.java_client.android.AndroidDriver
Capabilities {app: D:\Automation Project\Resou..., appPackage: bd.com.cslsoft.kandareeliteapp, databaseEnabled: false, desired: {app: D:\Automation Project\Resou..., deviceName: 4200bd12d846a200, newCommandTimeout: 100, platformName: android}, deviceApiLevel: 22, deviceManufacturer: samsung, deviceModel: SM-G531H, deviceName: 4200bd12d846a200, deviceScreenDensity: 240, deviceScreenSize: 540x960, deviceUDID: 4200bd12d846a200, javascriptEnabled: true, locationContextEnabled: false, networkConnectionEnabled: true, newCommandTimeout: 100, pixelRatio: 1.5, platform: LINUX, platformName: Android, platformVersion: 5.1.1, statBarHeight: 36, takesScreenshot: true, viewportRect: {height: 924, left: 0, top: 36, width: 540}, warnings: {}, webStorageEnabled: false}
Session ID: a32b4f14-03ac-450d-b483-cd02130b0397
at org.openqa.selenium.remote.http.W3CHttpResponseCodec.createException(W3CHttpResponseCodec.java:187)
at org.openqa.selenium.remote.http.W3CHttpResponseCodec.decode(W3CHttpResponseCodec.java:122)
at org.openqa.selenium.remote.http.W3CHttpResponseCodec.decode(W3CHttpResponseCodec.java:49)
at org.openqa.selenium.remote.HttpCommandExecutor.execute(HttpCommandExecutor.java:158)
at io.appium.java_client.remote.AppiumCommandExecutor.execute(AppiumCommandExecutor.java:239)
at org.openqa.selenium.remote.RemoteWebDriver.execute(RemoteWebDriver.java:552)
at io.appium.java_client.DefaultGenericMobileDriver.execute(DefaultGenericMobileDriver.java:45)
at io.appium.java_client.AppiumDriver.execute(AppiumDriver.java:1)
at io.appium.java_client.android.AndroidDriver.execute(AndroidDriver.java:1)
at org.openqa.selenium.remote.RemoteWebDriver.getScreenshotAs(RemoteWebDriver.java:295)
at com.cslsoft.KandareeLiteTestCase.CallingMethods.ScreenShots(CallingMethods.java:79)
at com.cslsoft.KandareeLiteTestCase.Users.DeleteUser(Users.java:297)
at java.base/java.util.ArrayList.forEach(ArrayList.java:1511)
... Removed 32 stack frames]]>
    </failure>
  </testcase> <!-- DeleteUser -->
  <testcase classname="com.cslsoft.KandareeLiteTestCase.Users" name="SearchUser" time="0.02">
    <failure type="org.openqa.selenium.WebDriverException" message="An unknown server-side error occurred while processing the command. Original error: Could not proxy command to the remote server. Original error: socket hang up
Build info: version: &amp;apos;3.141.59&amp;apos;, revision: &amp;apos;e82be7d358&amp;apos;, time: &amp;apos;2018-11-14T08:17:03&amp;apos;
System info: host: &amp;apos;NAHID&amp;apos;, ip: &amp;apos;192.168.137.1&amp;apos;, os.name: &amp;apos;Windows 10&amp;apos;, os.arch: &amp;apos;amd64&amp;apos;, os.version: &amp;apos;10.0&amp;apos;, java.version: &amp;apos;15.0.1&amp;apos;
Driver info: io.appium.java_client.android.AndroidDriver
Capabilities {app: D:\Automation Project\Resou..., appPackage: bd.com.cslsoft.kandareeliteapp, databaseEnabled: false, desired: {app: D:\Automation Project\Resou..., deviceName: 4200bd12d846a200, newCommandTimeout: 100, platformName: android}, deviceApiLevel: 22, deviceManufacturer: samsung, deviceModel: SM-G531H, deviceName: 4200bd12d846a200, deviceScreenDensity: 240, deviceScreenSize: 540x960, deviceUDID: 4200bd12d846a200, javascriptEnabled: true, locationContextEnabled: false, networkConnectionEnabled: true, newCommandTimeout: 100, pixelRatio: 1.5, platform: LINUX, platformName: Android, platformVersion: 5.1.1, statBarHeight: 36, takesScreenshot: true, viewportRect: {height: 924, left: 0, top: 36, width: 540}, warnings: {}, webStorageEnabled: false}
Session ID: a32b4f14-03ac-450d-b483-cd02130b0397">
      <![CDATA[org.openqa.selenium.WebDriverException: An unknown server-side error occurred while processing the command. Original error: Could not proxy command to the remote server. Original error: socket hang up
Build info: version: '3.141.59', revision: 'e82be7d358', time: '2018-11-14T08:17:03'
System info: host: 'NAHID', ip: '192.168.137.1', os.name: 'Windows 10', os.arch: 'amd64', os.version: '10.0', java.version: '15.0.1'
Driver info: io.appium.java_client.android.AndroidDriver
Capabilities {app: D:\Automation Project\Resou..., appPackage: bd.com.cslsoft.kandareeliteapp, databaseEnabled: false, desired: {app: D:\Automation Project\Resou..., deviceName: 4200bd12d846a200, newCommandTimeout: 100, platformName: android}, deviceApiLevel: 22, deviceManufacturer: samsung, deviceModel: SM-G531H, deviceName: 4200bd12d846a200, deviceScreenDensity: 240, deviceScreenSize: 540x960, deviceUDID: 4200bd12d846a200, javascriptEnabled: true, locationContextEnabled: false, networkConnectionEnabled: true, newCommandTimeout: 100, pixelRatio: 1.5, platform: LINUX, platformName: Android, platformVersion: 5.1.1, statBarHeight: 36, takesScreenshot: true, viewportRect: {height: 924, left: 0, top: 36, width: 540}, warnings: {}, webStorageEnabled: false}
Session ID: a32b4f14-03ac-450d-b483-cd02130b0397
at org.openqa.selenium.remote.http.W3CHttpResponseCodec.createException(W3CHttpResponseCodec.java:187)
at org.openqa.selenium.remote.http.W3CHttpResponseCodec.decode(W3CHttpResponseCodec.java:122)
at org.openqa.selenium.remote.http.W3CHttpResponseCodec.decode(W3CHttpResponseCodec.java:49)
at org.openqa.selenium.remote.HttpCommandExecutor.execute(HttpCommandExecutor.java:158)
at io.appium.java_client.remote.AppiumCommandExecutor.execute(AppiumCommandExecutor.java:239)
at org.openqa.selenium.remote.RemoteWebDriver.execute(RemoteWebDriver.java:552)
at io.appium.java_client.DefaultGenericMobileDriver.execute(DefaultGenericMobileDriver.java:45)
at io.appium.java_client.AppiumDriver.execute(AppiumDriver.java:1)
at io.appium.java_client.android.AndroidDriver.execute(AndroidDriver.java:1)
at org.openqa.selenium.remote.RemoteWebDriver.getScreenshotAs(RemoteWebDriver.java:295)
at com.cslsoft.KandareeLiteTestCase.CallingMethods.ScreenShots(CallingMethods.java:79)
at com.cslsoft.KandareeLiteTestCase.Users.SearchUser(Users.java:324)
at java.base/java.util.ArrayList.forEach(ArrayList.java:1511)
... Removed 32 stack frames]]>
    </failure>
  </testcase> <!-- SearchUser -->
  <testcase classname="com.cslsoft.KandareeLiteTestCase.LibraryManagement" name="VerifyLibraryView" time="10.17"/>
  <testcase classname="com.cslsoft.KandareeLiteTestCase.LibraryManagement" name="VerifyLibraryEntityType" time="4.437"/>
  <testcase classname="com.cslsoft.KandareeLiteTestCase.LibraryManagement" name="AddNewLibrary" time="8.331"/>
  <testcase classname="com.cslsoft.KandareeLiteTestCase.LibraryManagement" name="librarySearch" time="3.249"/>
</testsuite> <!-- Test -->
