<?xml version="1.0" encoding="UTF-8"?>
<testng-results ignored="0" total="2" passed="1" failed="1" skipped="0">
  <reporter-output>
  </reporter-output>
  <suite started-at="2021-01-05T21:03:24 BDT" name="Default suite" finished-at="2021-01-05T21:05:19 BDT" duration-ms="115360">
    <groups>
    </groups>
    <test started-at="2021-01-05T21:03:24 BDT" name="Default test" finished-at="2021-01-05T21:05:19 BDT" duration-ms="115360">
      <class name="com.cslsoft.KandareeLiteTestCase.Users">
        <test-method is-config="true" signature="capabilities()[pri:0, instance:com.cslsoft.KandareeLiteTestCase.Users@72f926e6]" started-at="2021-01-05T21:03:24 BDT" name="capabilities" finished-at="2021-01-05T21:03:53 BDT" duration-ms="29467" status="PASS">
          <reporter-output>
          </reporter-output>
        </test-method> <!-- capabilities -->
        <test-method signature="nevigate()[pri:0, instance:com.cslsoft.KandareeLiteTestCase.Users@72f926e6]" started-at="2021-01-05T21:03:53 BDT" name="nevigate" finished-at="2021-01-05T21:04:04 BDT" duration-ms="11115" status="PASS">
          <reporter-output>
          </reporter-output>
        </test-method> <!-- nevigate -->
        <test-method signature="MobileVerificationByEdit()[pri:11, instance:com.cslsoft.KandareeLiteTestCase.Users@72f926e6]" started-at="2021-01-05T21:04:04 BDT" name="MobileVerificationByEdit" finished-at="2021-01-05T21:05:19 BDT" duration-ms="74709" status="FAIL">
          <exception class="org.openqa.selenium.NoSuchElementException">
            <message>
              <![CDATA[An element could not be located on the page using the given search parameters.
For documentation on this error, please visit: https://www.seleniumhq.org/exceptions/no_such_element.html
Build info: version: '3.141.59', revision: 'e82be7d358', time: '2018-11-14T08:17:03'
System info: host: 'NAHID', ip: '192.168.100.36', os.name: 'Windows 10', os.arch: 'amd64', os.version: '10.0', java.version: '15.0.1'
Driver info: io.appium.java_client.android.AndroidDriver
Capabilities {app: D:\Automation Project\Resou..., appPackage: bd.com.cslsoft.kandareeliteapp, databaseEnabled: false, desired: {app: D:\Automation Project\Resou..., deviceName: 4200bd12d846a200, newCommandTimeout: 100, platformName: android}, deviceApiLevel: 22, deviceManufacturer: samsung, deviceModel: SM-G531H, deviceName: 4200bd12d846a200, deviceScreenDensity: 240, deviceScreenSize: 540x960, deviceUDID: 4200bd12d846a200, javascriptEnabled: true, locationContextEnabled: false, networkConnectionEnabled: true, newCommandTimeout: 100, pixelRatio: 1.5, platform: LINUX, platformName: Android, platformVersion: 5.1.1, statBarHeight: 36, takesScreenshot: true, viewportRect: {height: 924, left: 0, top: 36, width: 540}, warnings: {}, webStorageEnabled: false}
Session ID: b74d0183-3d67-4632-aaed-338e4f8b5a14
*** Element info: {Using=xpath, value=//android.widget.TextView[@text='Users']}]]>
            </message>
            <full-stacktrace>
              <![CDATA[org.openqa.selenium.NoSuchElementException: An element could not be located on the page using the given search parameters.
For documentation on this error, please visit: https://www.seleniumhq.org/exceptions/no_such_element.html
Build info: version: '3.141.59', revision: 'e82be7d358', time: '2018-11-14T08:17:03'
System info: host: 'NAHID', ip: '192.168.100.36', os.name: 'Windows 10', os.arch: 'amd64', os.version: '10.0', java.version: '15.0.1'
Driver info: io.appium.java_client.android.AndroidDriver
Capabilities {app: D:\Automation Project\Resou..., appPackage: bd.com.cslsoft.kandareeliteapp, databaseEnabled: false, desired: {app: D:\Automation Project\Resou..., deviceName: 4200bd12d846a200, newCommandTimeout: 100, platformName: android}, deviceApiLevel: 22, deviceManufacturer: samsung, deviceModel: SM-G531H, deviceName: 4200bd12d846a200, deviceScreenDensity: 240, deviceScreenSize: 540x960, deviceUDID: 4200bd12d846a200, javascriptEnabled: true, locationContextEnabled: false, networkConnectionEnabled: true, newCommandTimeout: 100, pixelRatio: 1.5, platform: LINUX, platformName: Android, platformVersion: 5.1.1, statBarHeight: 36, takesScreenshot: true, viewportRect: {height: 924, left: 0, top: 36, width: 540}, warnings: {}, webStorageEnabled: false}
Session ID: b74d0183-3d67-4632-aaed-338e4f8b5a14
*** Element info: {Using=xpath, value=//android.widget.TextView[@text='Users']}
at java.base/jdk.internal.reflect.NativeConstructorAccessorImpl.newInstance0(Native Method)
at java.base/jdk.internal.reflect.NativeConstructorAccessorImpl.newInstance(NativeConstructorAccessorImpl.java:64)
at java.base/jdk.internal.reflect.DelegatingConstructorAccessorImpl.newInstance(DelegatingConstructorAccessorImpl.java:45)
at java.base/java.lang.reflect.Constructor.newInstanceWithCaller(Constructor.java:500)
at java.base/java.lang.reflect.Constructor.newInstance(Constructor.java:481)
at org.openqa.selenium.remote.http.W3CHttpResponseCodec.createException(W3CHttpResponseCodec.java:187)
at org.openqa.selenium.remote.http.W3CHttpResponseCodec.decode(W3CHttpResponseCodec.java:122)
at org.openqa.selenium.remote.http.W3CHttpResponseCodec.decode(W3CHttpResponseCodec.java:49)
at org.openqa.selenium.remote.HttpCommandExecutor.execute(HttpCommandExecutor.java:158)
at io.appium.java_client.remote.AppiumCommandExecutor.execute(AppiumCommandExecutor.java:239)
at org.openqa.selenium.remote.RemoteWebDriver.execute(RemoteWebDriver.java:552)
at io.appium.java_client.DefaultGenericMobileDriver.execute(DefaultGenericMobileDriver.java:41)
at io.appium.java_client.AppiumDriver.execute(AppiumDriver.java:1)
at io.appium.java_client.android.AndroidDriver.execute(AndroidDriver.java:1)
at org.openqa.selenium.remote.RemoteWebDriver.findElement(RemoteWebDriver.java:323)
at io.appium.java_client.DefaultGenericMobileDriver.findElement(DefaultGenericMobileDriver.java:61)
at io.appium.java_client.AppiumDriver.findElement(AppiumDriver.java:1)
at io.appium.java_client.android.AndroidDriver.findElement(AndroidDriver.java:1)
at org.openqa.selenium.remote.RemoteWebDriver.findElementByXPath(RemoteWebDriver.java:428)
at io.appium.java_client.DefaultGenericMobileDriver.findElementByXPath(DefaultGenericMobileDriver.java:151)
at io.appium.java_client.AppiumDriver.findElementByXPath(AppiumDriver.java:1)
at io.appium.java_client.android.AndroidDriver.findElementByXPath(AndroidDriver.java:1)
at com.cslsoft.KandareeLiteTestCase.Users.MobileVerificationByEdit(Users.java:1528)
at java.base/jdk.internal.reflect.NativeMethodAccessorImpl.invoke0(Native Method)
at java.base/jdk.internal.reflect.NativeMethodAccessorImpl.invoke(NativeMethodAccessorImpl.java:64)
at java.base/jdk.internal.reflect.DelegatingMethodAccessorImpl.invoke(DelegatingMethodAccessorImpl.java:43)
at java.base/java.lang.reflect.Method.invoke(Method.java:564)
at org.testng.internal.MethodInvocationHelper.invokeMethod(MethodInvocationHelper.java:134)
at org.testng.internal.TestInvoker.invokeMethod(TestInvoker.java:597)
at org.testng.internal.TestInvoker.invokeTestMethod(TestInvoker.java:173)
at org.testng.internal.MethodRunner.runInSequence(MethodRunner.java:46)
at org.testng.internal.TestInvoker$MethodInvocationAgent.invoke(TestInvoker.java:816)
at org.testng.internal.TestInvoker.invokeTestMethods(TestInvoker.java:146)
at org.testng.internal.TestMethodWorker.invokeTestMethods(TestMethodWorker.java:146)
at org.testng.internal.TestMethodWorker.run(TestMethodWorker.java:128)
at java.base/java.util.ArrayList.forEach(ArrayList.java:1511)
at org.testng.TestRunner.privateRun(TestRunner.java:766)
at org.testng.TestRunner.run(TestRunner.java:587)
at org.testng.SuiteRunner.runTest(SuiteRunner.java:384)
at org.testng.SuiteRunner.runSequentially(SuiteRunner.java:378)
at org.testng.SuiteRunner.privateRun(SuiteRunner.java:337)
at org.testng.SuiteRunner.run(SuiteRunner.java:286)
at org.testng.SuiteRunnerWorker.runSuite(SuiteRunnerWorker.java:53)
at org.testng.SuiteRunnerWorker.run(SuiteRunnerWorker.java:96)
at org.testng.TestNG.runSuitesSequentially(TestNG.java:1187)
at org.testng.TestNG.runSuitesLocally(TestNG.java:1109)
at org.testng.TestNG.runSuites(TestNG.java:1039)
at org.testng.TestNG.run(TestNG.java:1007)
at org.testng.remote.AbstractRemoteTestNG.run(AbstractRemoteTestNG.java:115)
at org.testng.remote.RemoteTestNG.initAndRun(RemoteTestNG.java:251)
at org.testng.remote.RemoteTestNG.main(RemoteTestNG.java:77)
]]>
            </full-stacktrace>
          </exception> <!-- org.openqa.selenium.NoSuchElementException -->
          <reporter-output>
          </reporter-output>
        </test-method> <!-- MobileVerificationByEdit -->
      </class> <!-- com.cslsoft.KandareeLiteTestCase.Users -->
    </test> <!-- Default test -->
  </suite> <!-- Default suite -->
</testng-results>
